# JRE version: Java(TM) SE Runtime Environment (8.0_111-b14) (build 1.8.0_111-b14)
# Java VM: Java HotSpot(TM) 64-Bit Server VM (25.111-b14 mixed mode linux-amd64 compressed oops)
Heap:
 PSYoungGen      total 254976K, used 130733K [0x00000000eab00000, 0x0000000100000000, 0x0000000100000000)
  eden space 160768K, 22% used [0x00000000eab00000,0x00000000eceb3668,0x00000000f4800000)
  from space 94208K, 99% used [0x00000000f4800000,0x00000000fa3f8030,0x00000000fa400000)
  to   space 94208K, 0% used [0x00000000fa400000,0x00000000fa400000,0x0000000100000000)
 ParOldGen       total 500224K, used 243347K [0x00000000c0000000, 0x00000000de880000, 0x00000000eab00000)
  object space 500224K, 48% used [0x00000000c0000000,0x00000000ceda4c88,0x00000000de880000)
 Metaspace       used 110836K, capacity 120050K, committed 120268K, reserved 1153024K
  class space    used 13129K, capacity 16076K, committed 16128K, reserved 1048576K
GC Heap History (10 events):
Event: 26.244 GC heap before
{Heap before GC invocations=40 (full 8):
 PSYoungGen      total 196096K, used 111792K [0x00000000eab00000, 0x00000000ff900000, 0x0000000100000000)
  eden space 174592K, 51% used [0x00000000eab00000,0x00000000f0381de0,0x00000000f5580000)
  from space 21504K, 98% used [0x00000000f5580000,0x00000000f6a2a240,0x00000000f6a80000)
  to   space 82432K, 0% used [0x00000000fa880000,0x00000000fa880000,0x00000000ff900000)
 ParOldGen       total 500224K, used 214973K [0x00000000c0000000, 0x00000000de880000, 0x00000000eab00000)
  object space 500224K, 42% used [0x00000000c0000000,0x00000000cd1ef4a0,0x00000000de880000)
 Metaspace       used 105932K, capacity 114674K, committed 115020K, reserved 1148928K
  class space    used 12490K, capacity 15228K, committed 15232K, reserved 1048576K
Event: 26.268 GC heap after
Heap after GC invocations=40 (full 8):
 PSYoungGen      total 253440K, used 19199K [0x00000000eab00000, 0x00000000ff300000, 0x0000000100000000)
  eden space 177152K, 0% used [0x00000000eab00000,0x00000000eab00000,0x00000000f5800000)
  from space 76288K, 25% used [0x00000000fa880000,0x00000000fbb3fc58,0x00000000ff300000)
  to   space 79360K, 0% used [0x00000000f5800000,0x00000000f5800000,0x00000000fa580000)
 ParOldGen       total 500224K, used 226814K [0x00000000c0000000, 0x00000000de880000, 0x00000000eab00000)
  object space 500224K, 45% used [0x00000000c0000000,0x00000000cdd7fac8,0x00000000de880000)
 Metaspace       used 105932K, capacity 114674K, committed 115020K, reserved 1148928K
  class space    used 12490K, capacity 15228K, committed 15232K, reserved 1048576K
}
Event: 26.268 GC heap before
{Heap before GC invocations=41 (full 9):
 PSYoungGen      total 253440K, used 19199K [0x00000000eab00000, 0x00000000ff300000, 0x0000000100000000)
  eden space 177152K, 0% used [0x00000000eab00000,0x00000000eab00000,0x00000000f5800000)
  from space 76288K, 25% used [0x00000000fa880000,0x00000000fbb3fc58,0x00000000ff300000)
  to   space 79360K, 0% used [0x00000000f5800000,0x00000000f5800000,0x00000000fa580000)
 ParOldGen       total 500224K, used 226814K [0x00000000c0000000, 0x00000000de880000, 0x00000000eab00000)
  object space 500224K, 45% used [0x00000000c0000000,0x00000000cdd7fac8,0x00000000de880000)
 Metaspace       used 105932K, capacity 114674K, committed 115020K, reserved 1148928K
  class space    used 12490K, capacity 15228K, committed 15232K, reserved 1048576K
Event: 26.969 GC heap after
Heap after GC invocations=41 (full 9):
 PSYoungGen      total 253440K, used 0K [0x00000000eab00000, 0x00000000ff300000, 0x0000000100000000)
  eden space 177152K, 0% used [0x00000000eab00000,0x00000000eab00000,0x00000000f5800000)
  from space 76288K, 0% used [0x00000000fa880000,0x00000000fa880000,0x00000000ff300000)
  to   space 79360K, 0% used [0x00000000f5800000,0x00000000f5800000,0x00000000fa580000)
 ParOldGen       total 500224K, used 227654K [0x00000000c0000000, 0x00000000de880000, 0x00000000eab00000)
  object space 500224K, 45% used [0x00000000c0000000,0x00000000cde51968,0x00000000de880000)
 Metaspace       used 105932K, capacity 114674K, committed 115020K, reserved 1148928K
  class space    used 12490K, capacity 15228K, committed 15232K, reserved 1048576K
}
Event: 27.429 GC heap before
{Heap before GC invocations=42 (full 9):
 PSYoungGen      total 253440K, used 177152K [0x00000000eab00000, 0x00000000ff300000, 0x0000000100000000)
  eden space 177152K, 100% used [0x00000000eab00000,0x00000000f5800000,0x00000000f5800000)
  from space 76288K, 0% used [0x00000000fa880000,0x00000000fa880000,0x00000000ff300000)
  to   space 79360K, 0% used [0x00000000f5800000,0x00000000f5800000,0x00000000fa580000)
 ParOldGen       total 500224K, used 227654K [0x00000000c0000000, 0x00000000de880000, 0x00000000eab00000)
  object space 500224K, 45% used [0x00000000c0000000,0x00000000cde51968,0x00000000de880000)
 Metaspace       used 106013K, capacity 114738K, committed 115020K, reserved 1148928K
  class space    used 12490K, capacity 15228K, committed 15232K, reserved 1048576K
Event: 27.458 GC heap after
Heap after GC invocations=42 (full 9):
 PSYoungGen      total 256512K, used 52811K [0x00000000eab00000, 0x0000000100000000, 0x0000000100000000)
  eden space 177152K, 0% used [0x00000000eab00000,0x00000000eab00000,0x00000000f5800000)
  from space 79360K, 66% used [0x00000000f5800000,0x00000000f8b92e98,0x00000000fa580000)
  to   space 82944K, 0% used [0x00000000faf00000,0x00000000faf00000,0x0000000100000000)
 ParOldGen       total 500224K, used 227662K [0x00000000c0000000, 0x00000000de880000, 0x00000000eab00000)
  object space 500224K, 45% used [0x00000000c0000000,0x00000000cde53968,0x00000000de880000)
 Metaspace       used 106013K, capacity 114738K, committed 115020K, reserved 1148928K
  class space    used 12490K, capacity 15228K, committed 15232K, reserved 1048576K
}
Event: 28.374 GC heap before
{Heap before GC invocations=43 (full 9):
 PSYoungGen      total 256512K, used 229963K [0x00000000eab00000, 0x0000000100000000, 0x0000000100000000)
  eden space 177152K, 100% used [0x00000000eab00000,0x00000000f5800000,0x00000000f5800000)
  from space 79360K, 66% used [0x00000000f5800000,0x00000000f8b92e98,0x00000000fa580000)
  to   space 82944K, 0% used [0x00000000faf00000,0x00000000faf00000,0x0000000100000000)
 ParOldGen       total 500224K, used 227662K [0x00000000c0000000, 0x00000000de880000, 0x00000000eab00000)
  object space 500224K, 45% used [0x00000000c0000000,0x00000000cde53968,0x00000000de880000)
 Metaspace       used 106101K, capacity 114930K, committed 115276K, reserved 1148928K
  class space    used 12493K, capacity 15228K, committed 15232K, reserved 1048576K
Event: 28.409 GC heap after
Heap after GC invocations=43 (full 9):
 PSYoungGen      total 243712K, used 76206K [0x00000000eab00000, 0x0000000100000000, 0x0000000100000000)
  eden space 160768K, 0% used [0x00000000eab00000,0x00000000eab00000,0x00000000f4800000)
  from space 82944K, 91% used [0x00000000faf00000,0x00000000ff96bbd8,0x0000000100000000)
  to   space 94208K, 0% used [0x00000000f4800000,0x00000000f4800000,0x00000000fa400000)
 ParOldGen       total 500224K, used 227670K [0x00000000c0000000, 0x00000000de880000, 0x00000000eab00000)
  object space 500224K, 45% used [0x00000000c0000000,0x00000000cde55968,0x00000000de880000)
 Metaspace       used 106101K, capacity 114930K, committed 115276K, reserved 1148928K
  class space    used 12493K, capacity 15228K, committed 15232K, reserved 1048576K
}
Event: 29.320 GC heap before
{Heap before GC invocations=44 (full 9):
 PSYoungGen      total 243712K, used 236974K [0x00000000eab00000, 0x0000000100000000, 0x0000000100000000)
  eden space 160768K, 100% used [0x00000000eab00000,0x00000000f4800000,0x00000000f4800000)
  from space 82944K, 91% used [0x00000000faf00000,0x00000000ff96bbd8,0x0000000100000000)
  to   space 94208K, 0% used [0x00000000f4800000,0x00000000f4800000,0x00000000fa400000)
 ParOldGen       total 500224K, used 227670K [0x00000000c0000000, 0x00000000de880000, 0x00000000eab00000)
  object space 500224K, 45% used [0x00000000c0000000,0x00000000cde55968,0x00000000de880000)
 Metaspace       used 110827K, capacity 120050K, committed 120268K, reserved 1153024K
  class space    used 13129K, capacity 16076K, committed 16128K, reserved 1048576K
Event: 29.360 GC heap after
Heap after GC invocations=44 (full 9):
 PSYoungGen      total 254976K, used 94176K [0x00000000eab00000, 0x0000000100000000, 0x0000000100000000)
  eden space 160768K, 0% used [0x00000000eab00000,0x00000000eab00000,0x00000000f4800000)
  from space 94208K, 99% used [0x00000000f4800000,0x00000000fa3f8030,0x00000000fa400000)
  to   space 94208K, 0% used [0x00000000fa400000,0x00000000fa400000,0x0000000100000000)
 ParOldGen       total 500224K, used 243347K [0x00000000c0000000, 0x00000000de880000, 0x00000000eab00000)
  object space 500224K, 48% used [0x00000000c0000000,0x00000000ceda4c88,0x00000000de880000)
 Metaspace       used 110827K, capacity 120050K, committed 120268K, reserved 1153024K
  class space    used 13129K, capacity 16076K, committed 16128K, reserved 1048576K
}

