# JRE version: Java(TM) SE Runtime Environment (8.0_111-b14) (build 1.8.0_111-b14)
# Java VM: Java HotSpot(TM) 64-Bit Server VM (25.111-b14 mixed mode linux-amd64 compressed oops)
Heap:
 PSYoungGen      total 236544K, used 106261K [0x00000000eab00000, 0x00000000ff800000, 0x0000000100000000)
  eden space 132608K, 46% used [0x00000000eab00000,0x00000000ee774740,0x00000000f2c80000)
  from space 103936K, 42% used [0x00000000f2c80000,0x00000000f57d0ed8,0x00000000f9200000)
  to   space 99328K, 0% used [0x00000000f9700000,0x00000000f9700000,0x00000000ff800000)
 ParOldGen       total 492544K, used 182432K [0x00000000c0000000, 0x00000000de100000, 0x00000000eab00000)
  object space 492544K, 37% used [0x00000000c0000000,0x00000000cb228368,0x00000000de100000)
 Metaspace       used 110269K, capacity 119954K, committed 120368K, reserved 1153024K
  class space    used 13122K, capacity 16137K, committed 16228K, reserved 1048576K
GC Heap History (10 events):
Event: 20.702 GC heap before
{Heap before GC invocations=34 (full 4):
 PSYoungGen      total 232960K, used 151987K [0x00000000eab00000, 0x0000000100000000, 0x0000000100000000)
  eden space 116736K, 100% used [0x00000000eab00000,0x00000000f1d00000,0x00000000f1d00000)
  from space 116224K, 30% used [0x00000000f1d00000,0x00000000f3f6cd78,0x00000000f8e80000)
  to   space 115200K, 0% used [0x00000000f8f80000,0x00000000f8f80000,0x0000000100000000)
 ParOldGen       total 385536K, used 305305K [0x00000000c0000000, 0x00000000d7880000, 0x00000000eab00000)
  object space 385536K, 79% used [0x00000000c0000000,0x00000000d2a265d0,0x00000000d7880000)
 Metaspace       used 109126K, capacity 118956K, committed 119344K, reserved 1153024K
  class space    used 13026K, capacity 16104K, committed 16228K, reserved 1048576K
Event: 20.739 GC heap after
Heap after GC invocations=34 (full 4):
 PSYoungGen      total 223744K, used 21830K [0x00000000eab00000, 0x00000000ff700000, 0x0000000100000000)
  eden space 117760K, 0% used [0x00000000eab00000,0x00000000eab00000,0x00000000f1e00000)
  from space 105984K, 20% used [0x00000000f8f80000,0x00000000fa4d1b18,0x00000000ff700000)
  to   space 111104K, 0% used [0x00000000f1e00000,0x00000000f1e00000,0x00000000f8a80000)
 ParOldGen       total 385536K, used 333073K [0x00000000c0000000, 0x00000000d7880000, 0x00000000eab00000)
  object space 385536K, 86% used [0x00000000c0000000,0x00000000d4544600,0x00000000d7880000)
 Metaspace       used 109126K, capacity 118956K, committed 119344K, reserved 1153024K
  class space    used 13026K, capacity 16104K, committed 16228K, reserved 1048576K
}
Event: 20.739 GC heap before
{Heap before GC invocations=35 (full 5):
 PSYoungGen      total 223744K, used 21830K [0x00000000eab00000, 0x00000000ff700000, 0x0000000100000000)
  eden space 117760K, 0% used [0x00000000eab00000,0x00000000eab00000,0x00000000f1e00000)
  from space 105984K, 20% used [0x00000000f8f80000,0x00000000fa4d1b18,0x00000000ff700000)
  to   space 111104K, 0% used [0x00000000f1e00000,0x00000000f1e00000,0x00000000f8a80000)
 ParOldGen       total 385536K, used 333073K [0x00000000c0000000, 0x00000000d7880000, 0x00000000eab00000)
  object space 385536K, 86% used [0x00000000c0000000,0x00000000d4544600,0x00000000d7880000)
 Metaspace       used 109126K, capacity 118956K, committed 119344K, reserved 1153024K
  class space    used 13026K, capacity 16104K, committed 16228K, reserved 1048576K
Event: 20.926 GC heap after
Heap after GC invocations=35 (full 5):
 PSYoungGen      total 223744K, used 0K [0x00000000eab00000, 0x00000000ff700000, 0x0000000100000000)
  eden space 117760K, 0% used [0x00000000eab00000,0x00000000eab00000,0x00000000f1e00000)
  from space 105984K, 0% used [0x00000000f8f80000,0x00000000f8f80000,0x00000000ff700000)
  to   space 111104K, 0% used [0x00000000f1e00000,0x00000000f1e00000,0x00000000f8a80000)
 ParOldGen       total 492544K, used 145727K [0x00000000c0000000, 0x00000000de100000, 0x00000000eab00000)
  object space 492544K, 29% used [0x00000000c0000000,0x00000000c8e4ffb0,0x00000000de100000)
 Metaspace       used 109126K, capacity 118956K, committed 119344K, reserved 1153024K
  class space    used 13026K, capacity 16104K, committed 16228K, reserved 1048576K
}
Event: 21.236 GC heap before
{Heap before GC invocations=36 (full 5):
 PSYoungGen      total 223744K, used 115627K [0x00000000eab00000, 0x00000000ff700000, 0x0000000100000000)
  eden space 117760K, 98% used [0x00000000eab00000,0x00000000f1beadf8,0x00000000f1e00000)
  from space 105984K, 0% used [0x00000000f8f80000,0x00000000f8f80000,0x00000000ff700000)
  to   space 111104K, 0% used [0x00000000f1e00000,0x00000000f1e00000,0x00000000f8a80000)
 ParOldGen       total 492544K, used 145727K [0x00000000c0000000, 0x00000000de100000, 0x00000000eab00000)
  object space 492544K, 29% used [0x00000000c0000000,0x00000000c8e4ffb0,0x00000000de100000)
 Metaspace       used 109698K, capacity 119442K, committed 119856K, reserved 1153024K
  class space    used 13070K, capacity 16137K, committed 16228K, reserved 1048576K
Event: 21.252 GC heap after
Heap after GC invocations=36 (full 5):
 PSYoungGen      total 228864K, used 28758K [0x00000000eab00000, 0x00000000ffa00000, 0x0000000100000000)
  eden space 117760K, 0% used [0x00000000eab00000,0x00000000eab00000,0x00000000f1e00000)
  from space 111104K, 25% used [0x00000000f1e00000,0x00000000f3a15900,0x00000000f8a80000)
  to   space 105472K, 0% used [0x00000000f9300000,0x00000000f9300000,0x00000000ffa00000)
 ParOldGen       total 492544K, used 145735K [0x00000000c0000000, 0x00000000de100000, 0x00000000eab00000)
  object space 492544K, 29% used [0x00000000c0000000,0x00000000c8e51fb0,0x00000000de100000)
 Metaspace       used 109698K, capacity 119442K, committed 119856K, reserved 1153024K
  class space    used 13070K, capacity 16137K, committed 16228K, reserved 1048576K
}
Event: 21.385 GC heap before
{Heap before GC invocations=37 (full 5):
 PSYoungGen      total 228864K, used 146518K [0x00000000eab00000, 0x00000000ffa00000, 0x0000000100000000)
  eden space 117760K, 100% used [0x00000000eab00000,0x00000000f1e00000,0x00000000f1e00000)
  from space 111104K, 25% used [0x00000000f1e00000,0x00000000f3a15900,0x00000000f8a80000)
  to   space 105472K, 0% used [0x00000000f9300000,0x00000000f9300000,0x00000000ffa00000)
 ParOldGen       total 492544K, used 145735K [0x00000000c0000000, 0x00000000de100000, 0x00000000eab00000)
  object space 492544K, 29% used [0x00000000c0000000,0x00000000c8e51fb0,0x00000000de100000)
 Metaspace       used 109946K, capacity 119698K, committed 120112K, reserved 1153024K
  class space    used 13095K, capacity 16137K, committed 16228K, reserved 1048576K
Event: 21.402 GC heap after
Heap after GC invocations=37 (full 5):
 PSYoungGen      total 235520K, used 52235K [0x00000000eab00000, 0x00000000ff780000, 0x0000000100000000)
  eden space 132608K, 0% used [0x00000000eab00000,0x00000000eab00000,0x00000000f2c80000)
  from space 102912K, 50% used [0x00000000f9300000,0x00000000fc602c98,0x00000000ff780000)
  to   space 103936K, 0% used [0x00000000f2c80000,0x00000000f2c80000,0x00000000f9200000)
 ParOldGen       total 492544K, used 145743K [0x00000000c0000000, 0x00000000de100000, 0x00000000eab00000)
  object space 492544K, 29% used [0x00000000c0000000,0x00000000c8e53fb0,0x00000000de100000)
 Metaspace       used 109946K, capacity 119698K, committed 120112K, reserved 1153024K
  class space    used 13095K, capacity 16137K, committed 16228K, reserved 1048576K
}
Event: 22.006 GC heap before
{Heap before GC invocations=38 (full 5):
 PSYoungGen      total 235520K, used 184843K [0x00000000eab00000, 0x00000000ff780000, 0x0000000100000000)
  eden space 132608K, 100% used [0x00000000eab00000,0x00000000f2c80000,0x00000000f2c80000)
  from space 102912K, 50% used [0x00000000f9300000,0x00000000fc602c98,0x00000000ff780000)
  to   space 103936K, 0% used [0x00000000f2c80000,0x00000000f2c80000,0x00000000f9200000)
 ParOldGen       total 492544K, used 145743K [0x00000000c0000000, 0x00000000de100000, 0x00000000eab00000)
  object space 492544K, 29% used [0x00000000c0000000,0x00000000c8e53fb0,0x00000000de100000)
 Metaspace       used 110219K, capacity 119890K, committed 120112K, reserved 1153024K
  class space    used 13122K, capacity 16137K, committed 16228K, reserved 1048576K
Event: 22.046 GC heap after
Heap after GC invocations=38 (full 5):
 PSYoungGen      total 236544K, used 44355K [0x00000000eab00000, 0x00000000ff800000, 0x0000000100000000)
  eden space 132608K, 0% used [0x00000000eab00000,0x00000000eab00000,0x00000000f2c80000)
  from space 103936K, 42% used [0x00000000f2c80000,0x00000000f57d0ed8,0x00000000f9200000)
  to   space 99328K, 0% used [0x00000000f9700000,0x00000000f9700000,0x00000000ff800000)
 ParOldGen       total 492544K, used 182432K [0x00000000c0000000, 0x00000000de100000, 0x00000000eab00000)
  object space 492544K, 37% used [0x00000000c0000000,0x00000000cb228368,0x00000000de100000)
 Metaspace       used 110219K, capacity 119890K, committed 120112K, reserved 1153024K
  class space    used 13122K, capacity 16137K, committed 16228K, reserved 1048576K
}

