# JRE version: Java(TM) SE Runtime Environment (8.0_111-b14) (build 1.8.0_111-b14)
# Java VM: Java HotSpot(TM) 64-Bit Server VM (25.111-b14 mixed mode linux-amd64 compressed oops)
Heap:
 garbage-first heap   total 262144K, used 78847K [0x00000000c0000000, 0x00000000c0100800, 0x0000000100000000)
  region size 1024K, 39 young (39936K), 20 survivors (20480K)
 Metaspace       used 59022K, capacity 64532K, committed 64796K, reserved 1105920K
  class space    used 6810K, capacity 8494K, committed 8524K, reserved 1048576K
GC Heap History (10 events):
Event: 2.896 GC heap before
{Heap before GC invocations=2 (full 0):
 garbage-first heap   total 262144K, used 31232K [0x00000000c0000000, 0x00000000c0100800, 0x0000000100000000)
  region size 1024K, 12 young (12288K), 2 survivors (2048K)
 Metaspace       used 8606K, capacity 8760K, committed 8960K, reserved 1056768K
  class space    used 899K, capacity 961K, committed 1024K, reserved 1048576K
Event: 2.906 GC heap after
Heap after GC invocations=3 (full 0):
 garbage-first heap   total 262144K, used 27136K [0x00000000c0000000, 0x00000000c0100800, 0x0000000100000000)
  region size 1024K, 2 young (2048K), 2 survivors (2048K)
 Metaspace       used 8606K, capacity 8760K, committed 8960K, reserved 1056768K
  class space    used 899K, capacity 961K, committed 1024K, reserved 1048576K
}
Event: 6.404 GC heap before
{Heap before GC invocations=3 (full 0):
 garbage-first heap   total 262144K, used 72192K [0x00000000c0000000, 0x00000000c0100800, 0x0000000100000000)
  region size 1024K, 47 young (48128K), 2 survivors (2048K)
 Metaspace       used 19284K, capacity 21108K, committed 21248K, reserved 1069056K
  class space    used 1980K, capacity 2465K, committed 2560K, reserved 1048576K
Event: 6.419 GC heap after
Heap after GC invocations=4 (full 0):
 garbage-first heap   total 262144K, used 37668K [0x00000000c0000000, 0x00000000c0100800, 0x0000000100000000)
  region size 1024K, 7 young (7168K), 7 survivors (7168K)
 Metaspace       used 19284K, capacity 21108K, committed 21248K, reserved 1069056K
  class space    used 1980K, capacity 2465K, committed 2560K, reserved 1048576K
}
Event: 16.230 GC heap before
{Heap before GC invocations=5 (full 0):
 garbage-first heap   total 262144K, used 89913K [0x00000000c0000000, 0x00000000c0100800, 0x0000000100000000)
  region size 1024K, 62 young (63488K), 7 survivors (7168K)
 Metaspace       used 32549K, capacity 36012K, committed 36048K, reserved 1081344K
  class space    used 3849K, capacity 4863K, committed 4864K, reserved 1048576K
Event: 16.261 GC heap after
Heap after GC invocations=6 (full 0):
 garbage-first heap   total 262144K, used 56131K [0x00000000c0000000, 0x00000000c0100800, 0x0000000100000000)
  region size 1024K, 20 young (20480K), 20 survivors (20480K)
 Metaspace       used 32549K, capacity 36012K, committed 36048K, reserved 1081344K
  class space    used 3849K, capacity 4863K, committed 4864K, reserved 1048576K
}
Event: 42.041 GC heap before
{Heap before GC invocations=7 (full 0):
 garbage-first heap   total 262144K, used 187203K [0x00000000c0000000, 0x00000000c0100800, 0x0000000100000000)
  region size 1024K, 153 young (156672K), 20 survivors (20480K)
 Metaspace       used 49953K, capacity 54510K, committed 54684K, reserved 1097728K
  class space    used 5661K, capacity 6989K, committed 7116K, reserved 1048576K
Event: 42.072 GC heap after
Heap after GC invocations=8 (full 0):
 garbage-first heap   total 262144K, used 69120K [0x00000000c0000000, 0x00000000c0100800, 0x0000000100000000)
  region size 1024K, 20 young (20480K), 20 survivors (20480K)
 Metaspace       used 49953K, capacity 54510K, committed 54684K, reserved 1097728K
  class space    used 5661K, capacity 6989K, committed 7116K, reserved 1048576K
}
Event: 50.150 GC heap before
{Heap before GC invocations=8 (full 0):
 garbage-first heap   total 262144K, used 108032K [0x00000000c0000000, 0x00000000c0100800, 0x0000000100000000)
  region size 1024K, 59 young (60416K), 20 survivors (20480K)
 Metaspace       used 55494K, capacity 60440K, committed 60636K, reserved 1101824K
  class space    used 6367K, capacity 7988K, committed 8012K, reserved 1048576K
Event: 50.176 GC heap after
Heap after GC invocations=9 (full 0):
 garbage-first heap   total 262144K, used 79871K [0x00000000c0000000, 0x00000000c0100800, 0x0000000100000000)
  region size 1024K, 20 young (20480K), 20 survivors (20480K)
 Metaspace       used 55494K, capacity 60440K, committed 60636K, reserved 1101824K
  class space    used 6367K, capacity 7988K, committed 8012K, reserved 1048576K
}

